<?xml version="1.0" encoding="UTF-8"?>
<testng-results skipped="0" failed="0" total="1" passed="1">
  <reporter-output>
  </reporter-output>
  <suite name="Default suite" duration-ms="17357" started-at="2015-11-28T03:09:26Z" finished-at="2015-11-28T03:09:43Z">
    <groups>
    </groups>
    <test name="Default test" duration-ms="17357" started-at="2015-11-28T03:09:26Z" finished-at="2015-11-28T03:09:43Z">
      <class name="CalcTest.CalcTestSuite">
        <test-method status="PASS" signature="testWebCalc()[pri:0, instance:CalcTest.CalcTestSuite@4b6995df]" name="testWebCalc" duration-ms="17341" started-at="2015-11-27T19:09:26Z" finished-at="2015-11-27T19:09:43Z">
          <reporter-output>
          </reporter-output>
        </test-method> <!-- testWebCalc -->
      </class> <!-- CalcTest.CalcTestSuite -->
    </test> <!-- Default test -->
  </suite> <!-- Default suite -->
</testng-results>
